<?xml version="1.0" encoding="UTF-8"?>
<testng-results ignored="0" total="5" passed="5" failed="0" skipped="0">
  <reporter-output>
  </reporter-output>
  <suite started-at="2025-04-07T15:59:26 IST" name="Suite" finished-at="2025-04-07T16:00:37 IST" duration-ms="70859">
    <groups>
      <group name="cucumber">
        <method signature="AbstractTestNGCucumberTests.runScenario(io.cucumber.testng.PickleWrapper,io.cucumber.testng.FeatureWrapper)[pri:0, instance:com.runner.RunnerTestNg@5f2bd6d9]" name="runScenario" class="io.cucumber.testng.AbstractTestNGCucumberTests"/>
      </group> <!-- cucumber -->
    </groups>
    <test started-at="2025-04-07T15:59:26 IST" name="Test" finished-at="2025-04-07T16:00:37 IST" duration-ms="70859">
      <class name="com.runner.RunnerTestNg">
        <test-method is-config="true" signature="setUpClass(org.testng.ITestContext)[pri:0, instance:com.runner.RunnerTestNg@5f2bd6d9]" started-at="2025-04-07T15:59:26 IST" name="setUpClass" finished-at="2025-04-07T15:59:27 IST" duration-ms="836" status="PASS">
          <params>
            <param index="0">
              <value>
                <![CDATA[org.testng.TestRunner@246c2f56]]>
              </value>
            </param>
          </params>
          <reporter-output>
          </reporter-output>
        </test-method> <!-- setUpClass -->
        <test-method signature="runScenario(io.cucumber.testng.PickleWrapper,io.cucumber.testng.FeatureWrapper)[pri:0, instance:com.runner.RunnerTestNg@5f2bd6d9]" started-at="2025-04-07T15:59:27 IST" name="runScenario" description="Runs Cucumber Scenarios" data-provider="scenarios" finished-at="2025-04-07T15:59:35 IST" duration-ms="7801" status="PASS">
          <params>
            <param index="0">
              <value>
                <![CDATA["Login to the DemoWebshop website"]]>
              </value>
            </param>
            <param index="1">
              <value>
                <![CDATA["Add Computer to Cart and Proceed to Checkout"]]>
              </value>
            </param>
          </params>
          <reporter-output>
          </reporter-output>
        </test-method> <!-- runScenario -->
        <test-method signature="runScenario(io.cucumber.testng.PickleWrapper,io.cucumber.testng.FeatureWrapper)[pri:0, instance:com.runner.RunnerTestNg@5f2bd6d9]" started-at="2025-04-07T15:59:35 IST" name="runScenario" description="Runs Cucumber Scenarios" data-provider="scenarios" finished-at="2025-04-07T15:59:50 IST" duration-ms="14799" status="PASS">
          <params>
            <param index="0">
              <value>
                <![CDATA["Search for an available product after login"]]>
              </value>
            </param>
            <param index="1">
              <value>
                <![CDATA["To search for a product on the homepage"]]>
              </value>
            </param>
          </params>
          <reporter-output>
          </reporter-output>
        </test-method> <!-- runScenario -->
        <test-method signature="runScenario(io.cucumber.testng.PickleWrapper,io.cucumber.testng.FeatureWrapper)[pri:0, instance:com.runner.RunnerTestNg@5f2bd6d9]" started-at="2025-04-07T15:59:50 IST" name="runScenario" description="Runs Cucumber Scenarios" data-provider="scenarios" finished-at="2025-04-07T16:00:02 IST" duration-ms="11780" status="PASS">
          <params>
            <param index="0">
              <value>
                <![CDATA["Search for an unavailable product after login"]]>
              </value>
            </param>
            <param index="1">
              <value>
                <![CDATA["To search for a product on the homepage"]]>
              </value>
            </param>
          </params>
          <reporter-output>
          </reporter-output>
        </test-method> <!-- runScenario -->
        <test-method signature="runScenario(io.cucumber.testng.PickleWrapper,io.cucumber.testng.FeatureWrapper)[pri:0, instance:com.runner.RunnerTestNg@5f2bd6d9]" started-at="2025-04-07T16:00:02 IST" name="runScenario" description="Runs Cucumber Scenarios" data-provider="scenarios" finished-at="2025-04-07T16:00:19 IST" duration-ms="17078" status="PASS">
          <params>
            <param index="0">
              <value>
                <![CDATA["Share the searched product to the friend"]]>
              </value>
            </param>
            <param index="1">
              <value>
                <![CDATA["To share the product to the friend"]]>
              </value>
            </param>
          </params>
          <reporter-output>
          </reporter-output>
        </test-method> <!-- runScenario -->
        <test-method signature="runScenario(io.cucumber.testng.PickleWrapper,io.cucumber.testng.FeatureWrapper)[pri:0, instance:com.runner.RunnerTestNg@5f2bd6d9]" started-at="2025-04-07T16:00:19 IST" name="runScenario" description="Runs Cucumber Scenarios" data-provider="scenarios" finished-at="2025-04-07T16:00:35 IST" duration-ms="16110" status="PASS">
          <params>
            <param index="0">
              <value>
                <![CDATA["Share the searched product to the friend"]]>
              </value>
            </param>
            <param index="1">
              <value>
                <![CDATA["To share the product to the friend"]]>
              </value>
            </param>
          </params>
          <reporter-output>
          </reporter-output>
        </test-method> <!-- runScenario -->
        <test-method is-config="true" signature="tearDownClass()[pri:0, instance:com.runner.RunnerTestNg@5f2bd6d9]" started-at="2025-04-07T16:00:35 IST" name="tearDownClass" finished-at="2025-04-07T16:00:37 IST" duration-ms="2393" status="PASS">
          <reporter-output>
          </reporter-output>
        </test-method> <!-- tearDownClass -->
      </class> <!-- com.runner.RunnerTestNg -->
    </test> <!-- Test -->
  </suite> <!-- Suite -->
</testng-results>
